app/build/intermediates/manifest_merge_blame_file/prodDebug/processProdDebugMainManifest/manifest-merger-blame-prod-debug-report.txt
1<?xml version="1.0" encoding="utf-8"?>
2<manifest xmlns:android="http://schemas.android.com/apk/res/android"
3    package="com.kilu.pocketagent"
4    android:versionCode="88"
5    android:versionName="0.8.8" >
6
7    <uses-sdk
8        android:minSdkVersion="26"
9        android:targetSdkVersion="34" />
10
11    <uses-permission android:name="android.permission.INTERNET" />
11-->src/main/AndroidManifest.xml:5:5-67
11-->src/main/AndroidManifest.xml:5:22-64
12    <uses-permission android:name="android.permission.CAMERA" />
12-->src/main/AndroidManifest.xml:6:5-65
12-->src/main/AndroidManifest.xml:6:22-62
13
14    <uses-feature
14-->src/main/AndroidManifest.xml:7:5-89
15        android:name="android.hardware.camera.any"
15-->src/main/AndroidManifest.xml:7:19-61
16        android:required="false" />
16-->src/main/AndroidManifest.xml:7:62-86
17
18    <uses-permission android:name="android.permission.USE_BIOMETRIC" />
18-->src/main/AndroidManifest.xml:8:5-72
18-->src/main/AndroidManifest.xml:8:22-69
19
20    <!-- Day 6: Hub Always-On Foreground Service Permissions -->
21    <uses-permission android:name="android.permission.FOREGROUND_SERVICE" />
21-->src/main/AndroidManifest.xml:11:5-77
21-->src/main/AndroidManifest.xml:11:22-74
22    <uses-permission android:name="android.permission.FOREGROUND_SERVICE_DATA_SYNC" />
22-->src/main/AndroidManifest.xml:12:5-87
22-->src/main/AndroidManifest.xml:12:22-84
23    <uses-permission android:name="android.permission.WAKE_LOCK" />
23-->src/main/AndroidManifest.xml:13:5-68
23-->src/main/AndroidManifest.xml:13:22-65
24    <uses-permission android:name="android.permission.POST_NOTIFICATIONS" />
24-->src/main/AndroidManifest.xml:14:5-77
24-->src/main/AndroidManifest.xml:14:22-74
25
26    <!-- suppress DeprecatedClassUsageInspection -->
27    <uses-permission android:name="android.permission.USE_FINGERPRINT" />
27-->[androidx.biometric:biometric:1.2.0-alpha05] AndroidManifest.xml:25:5-74
27-->[androidx.biometric:biometric:1.2.0-alpha05] AndroidManifest.xml:25:22-71
28
29    <permission
29-->[androidx.core:core:1.12.0] AndroidManifest.xml:22:5-24:47
30        android:name="com.kilu.pocketagent.DYNAMIC_RECEIVER_NOT_EXPORTED_PERMISSION"
30-->[androidx.core:core:1.12.0] AndroidManifest.xml:23:9-81
31        android:protectionLevel="signature" />
31-->[androidx.core:core:1.12.0] AndroidManifest.xml:24:9-44
32
33    <uses-permission android:name="com.kilu.pocketagent.DYNAMIC_RECEIVER_NOT_EXPORTED_PERMISSION" /> <!-- Although the *SdkVersion is captured in gradle build files, this is required for non gradle builds -->
33-->[androidx.core:core:1.12.0] AndroidManifest.xml:26:5-97
33-->[androidx.core:core:1.12.0] AndroidManifest.xml:26:22-94
34    <!-- <uses-sdk android:minSdkVersion="14"/> -->
35    <uses-permission android:name="android.permission.ACCESS_NETWORK_STATE" />
35-->[com.google.android.datatransport:transport-backend-cct:2.3.3] AndroidManifest.xml:25:5-79
35-->[com.google.android.datatransport:transport-backend-cct:2.3.3] AndroidManifest.xml:25:22-76
36
37    <application
37-->src/main/AndroidManifest.xml:16:5-42:19
38        android:allowBackup="false"
38-->src/main/AndroidManifest.xml:17:9-36
39        android:appComponentFactory="androidx.core.app.CoreComponentFactory"
39-->[androidx.core:core:1.12.0] AndroidManifest.xml:28:18-86
40        android:debuggable="true"
41        android:extractNativeLibs="false"
42        android:label="@string/app_name"
42-->src/main/AndroidManifest.xml:18:9-41
43        android:networkSecurityConfig="@xml/network_security_config"
43-->src/main/AndroidManifest.xml:21:9-69
44        android:supportsRtl="true"
44-->src/main/AndroidManifest.xml:19:9-35
45        android:theme="@style/Theme.KiLuPocketAgent" >
45-->src/main/AndroidManifest.xml:20:9-53
46
47        <!-- GMS code scanner: auto-download module at install time -->
48        <meta-data
48-->src/main/AndroidManifest.xml:24:9-26:42
49            android:name="com.google.mlkit.vision.DEPENDENCIES"
49-->src/main/AndroidManifest.xml:25:13-64
50            android:value="barcode_ui" />
50-->src/main/AndroidManifest.xml:26:13-39
51
52        <service
52-->src/main/AndroidManifest.xml:28:9-31:40
53            android:name="com.kilu.pocketagent.core.hub.service.HubRuntimeService"
53-->src/main/AndroidManifest.xml:29:13-63
54            android:exported="false"
54-->src/main/AndroidManifest.xml:31:13-37
55            android:foregroundServiceType="dataSync" />
55-->src/main/AndroidManifest.xml:30:13-53
56
57        <activity
57-->src/main/AndroidManifest.xml:33:9-41:20
58            android:name="com.kilu.pocketagent.MainActivity"
58-->src/main/AndroidManifest.xml:34:13-41
59            android:exported="true"
59-->src/main/AndroidManifest.xml:35:13-36
60            android:theme="@style/Theme.KiLuPocketAgent" >
60-->src/main/AndroidManifest.xml:36:13-57
61            <intent-filter>
61-->src/main/AndroidManifest.xml:37:13-40:29
62                <action android:name="android.intent.action.MAIN" />
62-->src/main/AndroidManifest.xml:38:17-69
62-->src/main/AndroidManifest.xml:38:25-66
63
64                <category android:name="android.intent.category.LAUNCHER" />
64-->src/main/AndroidManifest.xml:39:17-77
64-->src/main/AndroidManifest.xml:39:27-74
65            </intent-filter>
66        </activity>
67        <!--
68        This activity is an invisible delegate activity to start scanner activity
69        and receive result, so it's unnecessary to support screen orientation and
70        we can avoid any side effect from activity recreation in any case.
71        -->
72        <activity
72-->[com.google.android.gms:play-services-code-scanner:16.1.0] AndroidManifest.xml:15:9-20:20
73            android:name="com.google.mlkit.vision.codescanner.internal.GmsBarcodeScanningDelegateActivity"
73-->[com.google.android.gms:play-services-code-scanner:16.1.0] AndroidManifest.xml:16:13-107
74            android:exported="false"
74-->[com.google.android.gms:play-services-code-scanner:16.1.0] AndroidManifest.xml:17:13-37
75            android:screenOrientation="portrait" >
75-->[com.google.android.gms:play-services-code-scanner:16.1.0] AndroidManifest.xml:18:13-49
76        </activity>
77
78        <service
78-->[com.google.mlkit:vision-common:17.0.0] AndroidManifest.xml:9:9-15:19
79            android:name="com.google.mlkit.common.internal.MlKitComponentDiscoveryService"
79-->[com.google.mlkit:vision-common:17.0.0] AndroidManifest.xml:10:13-91
80            android:directBootAware="true"
80-->[com.google.mlkit:common:18.9.0] AndroidManifest.xml:17:13-43
81            android:exported="false" >
81-->[com.google.mlkit:vision-common:17.0.0] AndroidManifest.xml:11:13-37
82            <meta-data
82-->[com.google.mlkit:vision-common:17.0.0] AndroidManifest.xml:12:13-14:85
83                android:name="com.google.firebase.components:com.google.mlkit.vision.common.internal.VisionCommonRegistrar"
83-->[com.google.mlkit:vision-common:17.0.0] AndroidManifest.xml:13:17-124
84                android:value="com.google.firebase.components.ComponentRegistrar" />
84-->[com.google.mlkit:vision-common:17.0.0] AndroidManifest.xml:14:17-82
85            <meta-data
85-->[com.google.mlkit:common:18.9.0] AndroidManifest.xml:20:13-22:85
86                android:name="com.google.firebase.components:com.google.mlkit.common.internal.CommonComponentRegistrar"
86-->[com.google.mlkit:common:18.9.0] AndroidManifest.xml:21:17-120
87                android:value="com.google.firebase.components.ComponentRegistrar" />
87-->[com.google.mlkit:common:18.9.0] AndroidManifest.xml:22:17-82
88        </service>
89
90        <provider
90-->[com.google.mlkit:common:18.9.0] AndroidManifest.xml:9:9-13:38
91            android:name="com.google.mlkit.common.internal.MlKitInitProvider"
91-->[com.google.mlkit:common:18.9.0] AndroidManifest.xml:10:13-78
92            android:authorities="com.kilu.pocketagent.mlkitinitprovider"
92-->[com.google.mlkit:common:18.9.0] AndroidManifest.xml:11:13-69
93            android:exported="false"
93-->[com.google.mlkit:common:18.9.0] AndroidManifest.xml:12:13-37
94            android:initOrder="99" />
94-->[com.google.mlkit:common:18.9.0] AndroidManifest.xml:13:13-35
95
96        <activity
96-->[com.google.android.gms:play-services-base:18.3.0] AndroidManifest.xml:20:9-22:45
97            android:name="com.google.android.gms.common.api.GoogleApiActivity"
97-->[com.google.android.gms:play-services-base:18.3.0] AndroidManifest.xml:20:19-85
98            android:exported="false"
98-->[com.google.android.gms:play-services-base:18.3.0] AndroidManifest.xml:22:19-43
99            android:theme="@android:style/Theme.Translucent.NoTitleBar" />
99-->[com.google.android.gms:play-services-base:18.3.0] AndroidManifest.xml:21:19-78
100
101        <meta-data
101-->[com.google.android.gms:play-services-basement:18.3.0] AndroidManifest.xml:21:9-23:69
102            android:name="com.google.android.gms.version"
102-->[com.google.android.gms:play-services-basement:18.3.0] AndroidManifest.xml:22:13-58
103            android:value="@integer/google_play_services_version" />
103-->[com.google.android.gms:play-services-basement:18.3.0] AndroidManifest.xml:23:13-66
104
105        <activity
105-->[androidx.compose.ui:ui-tooling-android:1.6.2] AndroidManifest.xml:23:9-25:39
106            android:name="androidx.compose.ui.tooling.PreviewActivity"
106-->[androidx.compose.ui:ui-tooling-android:1.6.2] AndroidManifest.xml:24:13-71
107            android:exported="true" />
107-->[androidx.compose.ui:ui-tooling-android:1.6.2] AndroidManifest.xml:25:13-36
108        <activity
108-->[androidx.compose.ui:ui-test-manifest:1.6.2] AndroidManifest.xml:23:9-25:39
109            android:name="androidx.activity.ComponentActivity"
109-->[androidx.compose.ui:ui-test-manifest:1.6.2] AndroidManifest.xml:24:13-63
110            android:exported="true" />
110-->[androidx.compose.ui:ui-test-manifest:1.6.2] AndroidManifest.xml:25:13-36
111
112        <provider
112-->[androidx.emoji2:emoji2:1.3.0] AndroidManifest.xml:24:9-32:20
113            android:name="androidx.startup.InitializationProvider"
113-->[androidx.emoji2:emoji2:1.3.0] AndroidManifest.xml:25:13-67
114            android:authorities="com.kilu.pocketagent.androidx-startup"
114-->[androidx.emoji2:emoji2:1.3.0] AndroidManifest.xml:26:13-68
115            android:exported="false" >
115-->[androidx.emoji2:emoji2:1.3.0] AndroidManifest.xml:27:13-37
116            <meta-data
116-->[androidx.emoji2:emoji2:1.3.0] AndroidManifest.xml:29:13-31:52
117                android:name="androidx.emoji2.text.EmojiCompatInitializer"
117-->[androidx.emoji2:emoji2:1.3.0] AndroidManifest.xml:30:17-75
118                android:value="androidx.startup" />
118-->[androidx.emoji2:emoji2:1.3.0] AndroidManifest.xml:31:17-49
119            <meta-data
119-->[androidx.lifecycle:lifecycle-process:2.7.0] AndroidManifest.xml:29:13-31:52
120                android:name="androidx.lifecycle.ProcessLifecycleInitializer"
120-->[androidx.lifecycle:lifecycle-process:2.7.0] AndroidManifest.xml:30:17-78
121                android:value="androidx.startup" />
121-->[androidx.lifecycle:lifecycle-process:2.7.0] AndroidManifest.xml:31:17-49
122            <meta-data
122-->[androidx.profileinstaller:profileinstaller:1.3.0] AndroidManifest.xml:29:13-31:52
123                android:name="androidx.profileinstaller.ProfileInstallerInitializer"
123-->[androidx.profileinstaller:profileinstaller:1.3.0] AndroidManifest.xml:30:17-85
124                android:value="androidx.startup" />
124-->[androidx.profileinstaller:profileinstaller:1.3.0] AndroidManifest.xml:31:17-49
125        </provider>
126
127        <service
127-->[com.google.android.datatransport:transport-backend-cct:2.3.3] AndroidManifest.xml:29:9-35:19
128            android:name="com.google.android.datatransport.runtime.backends.TransportBackendDiscovery"
128-->[com.google.android.datatransport:transport-backend-cct:2.3.3] AndroidManifest.xml:30:13-103
129            android:exported="false" >
129-->[com.google.android.datatransport:transport-backend-cct:2.3.3] AndroidManifest.xml:31:13-37
130            <meta-data
130-->[com.google.android.datatransport:transport-backend-cct:2.3.3] AndroidManifest.xml:32:13-34:39
131                android:name="backend:com.google.android.datatransport.cct.CctBackendFactory"
131-->[com.google.android.datatransport:transport-backend-cct:2.3.3] AndroidManifest.xml:33:17-94
132                android:value="cct" />
132-->[com.google.android.datatransport:transport-backend-cct:2.3.3] AndroidManifest.xml:34:17-36
133        </service>
134        <service
134-->[com.google.android.datatransport:transport-runtime:2.2.6] AndroidManifest.xml:26:9-30:19
135            android:name="com.google.android.datatransport.runtime.scheduling.jobscheduling.JobInfoSchedulerService"
135-->[com.google.android.datatransport:transport-runtime:2.2.6] AndroidManifest.xml:27:13-117
136            android:exported="false"
136-->[com.google.android.datatransport:transport-runtime:2.2.6] AndroidManifest.xml:28:13-37
137            android:permission="android.permission.BIND_JOB_SERVICE" >
137-->[com.google.android.datatransport:transport-runtime:2.2.6] AndroidManifest.xml:29:13-69
138        </service>
139
140        <receiver
140-->[com.google.android.datatransport:transport-runtime:2.2.6] AndroidManifest.xml:32:9-34:40
141            android:name="com.google.android.datatransport.runtime.scheduling.jobscheduling.AlarmManagerSchedulerBroadcastReceiver"
141-->[com.google.android.datatransport:transport-runtime:2.2.6] AndroidManifest.xml:33:13-132
142            android:exported="false" />
142-->[com.google.android.datatransport:transport-runtime:2.2.6] AndroidManifest.xml:34:13-37
143        <receiver
143-->[androidx.profileinstaller:profileinstaller:1.3.0] AndroidManifest.xml:34:9-52:20
144            android:name="androidx.profileinstaller.ProfileInstallReceiver"
144-->[androidx.profileinstaller:profileinstaller:1.3.0] AndroidManifest.xml:35:13-76
145            android:directBootAware="false"
145-->[androidx.profileinstaller:profileinstaller:1.3.0] AndroidManifest.xml:36:13-44
146            android:enabled="true"
146-->[androidx.profileinstaller:profileinstaller:1.3.0] AndroidManifest.xml:37:13-35
147            android:exported="true"
147-->[androidx.profileinstaller:profileinstaller:1.3.0] AndroidManifest.xml:38:13-36
148            android:permission="android.permission.DUMP" >
148-->[androidx.profileinstaller:profileinstaller:1.3.0] AndroidManifest.xml:39:13-57
149            <intent-filter>
149-->[androidx.profileinstaller:profileinstaller:1.3.0] AndroidManifest.xml:40:13-42:29
150                <action android:name="androidx.profileinstaller.action.INSTALL_PROFILE" />
150-->[androidx.profileinstaller:profileinstaller:1.3.0] AndroidManifest.xml:41:17-91
150-->[androidx.profileinstaller:profileinstaller:1.3.0] AndroidManifest.xml:41:25-88
151            </intent-filter>
152            <intent-filter>
152-->[androidx.profileinstaller:profileinstaller:1.3.0] AndroidManifest.xml:43:13-45:29
153                <action android:name="androidx.profileinstaller.action.SKIP_FILE" />
153-->[androidx.profileinstaller:profileinstaller:1.3.0] AndroidManifest.xml:44:17-85
153-->[androidx.profileinstaller:profileinstaller:1.3.0] AndroidManifest.xml:44:25-82
154            </intent-filter>
155            <intent-filter>
155-->[androidx.profileinstaller:profileinstaller:1.3.0] AndroidManifest.xml:46:13-48:29
156                <action android:name="androidx.profileinstaller.action.SAVE_PROFILE" />
156-->[androidx.profileinstaller:profileinstaller:1.3.0] AndroidManifest.xml:47:17-88
156-->[androidx.profileinstaller:profileinstaller:1.3.0] AndroidManifest.xml:47:25-85
157            </intent-filter>
158            <intent-filter>
158-->[androidx.profileinstaller:profileinstaller:1.3.0] AndroidManifest.xml:49:13-51:29
159                <action android:name="androidx.profileinstaller.action.BENCHMARK_OPERATION" />
159-->[androidx.profileinstaller:profileinstaller:1.3.0] AndroidManifest.xml:50:17-95
159-->[androidx.profileinstaller:profileinstaller:1.3.0] AndroidManifest.xml:50:25-92
160            </intent-filter>
161        </receiver>
162    </application>
163
164</manifest>